#
# There is insufficient memory for the Java Runtime Environment to continue.
# Native memory allocation (malloc) failed to allocate 995536 bytes for Chunk::new
# Possible reasons:
#   The system is out of physical RAM or swap space
#   In 32 bit mode, the process size limit was hit
# Possible solutions:
#   Reduce memory load on the system
#   Increase physical memory or swap space
#   Check if swap backing store is full
#   Use 64 bit Java on a 64 bit OS
#   Decrease Java heap size (-Xmx/-Xms)
#   Decrease number of Java threads
#   Decrease Java thread stack sizes (-Xss)
#   Set larger code cache with -XX:ReservedCodeCacheSize=
# This output file may be truncated or incomplete.
#
#  Out of Memory Error (allocation.cpp:390), pid=10436, tid=0x0000000000000860
#
# JRE version: OpenJDK Runtime Environment (8.0_76-b03) (build 1.8.0_76-release-b03)
# Java VM: OpenJDK 64-Bit Server VM (25.76-b03 mixed mode windows-amd64 compressed oops)
# Failed to write core dump. Minidumps are not enabled by default on client versions of Windows
#

---------------  T H R E A D  ---------------

Current thread (0x0000000057cc3000):  JavaThread "C2 CompilerThread1" daemon [_thread_in_native, id=2144, stack(0x0000000059590000,0x0000000059690000)]

Stack: [0x0000000059590000,0x0000000059690000]
[error occurred during error reporting (printing stack bounds), id 0xc0000005]

Native frames: (J=compiled Java code, j=interpreted, Vv=VM code, C=native code)


Current CompileTask:
C2:3297252 14457       4       com.android.utils.XmlUtils::append (540 bytes)


---------------  P R O C E S S  ---------------

Java Threads: ( => current thread )
  0x000000005f9a7000 JavaThread "Forward streams with process: command 'D:\Tools\android-sdk-windows\build-tools\26.0.2\aapt.exe' Thread 3" [_thread_in_native, id=11576, stack(0x000000006c5b0000,0x000000006c6b0000)]
  0x000000005f9a5800 JavaThread "Forward streams with process: command 'D:\Tools\android-sdk-windows\build-tools\26.0.2\aapt.exe' Thread 2" [_thread_in_native, id=11572, stack(0x000000006bab0000,0x000000006bbb0000)]
  0x000000005f9a6800 JavaThread "Forward streams with process: command 'D:\Tools\android-sdk-windows\build-tools\26.0.2\aapt.exe'" [_thread_blocked, id=11568, stack(0x000000006c080000,0x000000006c180000)]
  0x000000005f9a9800 JavaThread "Run command 'D:\Tools\android-sdk-windows\build-tools\26.0.2\aapt.exe'" [_thread_in_native, id=11548, stack(0x000000006a9e0000,0x000000006aae0000)]
  0x000000005f9a8800 JavaThread "Thread-68" [_thread_blocked, id=11544, stack(0x000000006b910000,0x000000006ba10000)]
  0x000000005f9a5000 JavaThread "stdout" daemon [_thread_in_native, id=11060, stack(0x000000006e0f0000,0x000000006e1f0000)]
  0x000000005f9a4000 JavaThread "stderr" daemon [_thread_in_native, id=9284, stack(0x000000006df60000,0x000000006e060000)]
  0x000000005f9a3800 JavaThread "stdout" daemon [_thread_in_native, id=7400, stack(0x000000006dd30000,0x000000006de30000)]
  0x000000005f9a2800 JavaThread "stderr" daemon [_thread_in_native, id=3096, stack(0x000000006dbd0000,0x000000006dcd0000)]
  0x000000005f89c800 JavaThread "stdout" daemon [_thread_in_native, id=3880, stack(0x000000006d1c0000,0x000000006d2c0000)]
  0x000000005f89b800 JavaThread "stderr" daemon [_thread_in_native, id=4856, stack(0x000000006da30000,0x000000006db30000)]
  0x000000005f89b000 JavaThread "stdout" daemon [_thread_in_native, id=11204, stack(0x000000006d8f0000,0x000000006d9f0000)]
  0x000000005f89a000 JavaThread "stderr" daemon [_thread_in_native, id=10628, stack(0x000000006d6d0000,0x000000006d7d0000)]
  0x000000005f531800 JavaThread "stdout" daemon [_thread_in_native, id=884, stack(0x000000006b5e0000,0x000000006b6e0000)]
  0x000000005f530800 JavaThread "stderr" daemon [_thread_in_native, id=10588, stack(0x000000006c790000,0x000000006c890000)]
  0x000000005f52e800 JavaThread "stdout" daemon [_thread_in_native, id=5248, stack(0x000000006c3f0000,0x000000006c4f0000)]
  0x000000005f52d800 JavaThread "stderr" daemon [_thread_in_native, id=10524, stack(0x000000006c2f0000,0x000000006c3f0000)]
  0x0000000059f81000 JavaThread "stdout" daemon [_thread_in_native, id=7616, stack(0x000000006be20000,0x000000006bf20000)]
  0x0000000059f80800 JavaThread "stderr" daemon [_thread_in_native, id=9984, stack(0x000000006bc70000,0x000000006bd70000)]
  0x0000000059f7d800 JavaThread "png-cruncher_24" daemon [_thread_blocked, id=5192, stack(0x000000006b700000,0x000000006b800000)]
  0x0000000059f7c800 JavaThread "png-cruncher_23" daemon [_thread_blocked, id=3640, stack(0x000000006b220000,0x000000006b320000)]
  0x0000000059f7c000 JavaThread "png-cruncher_22" daemon [_thread_blocked, id=8248, stack(0x000000006b4b0000,0x000000006b5b0000)]
  0x0000000059f7b000 JavaThread "png-cruncher_21" daemon [_thread_blocked, id=9556, stack(0x000000006b320000,0x000000006b420000)]
  0x0000000059f7a800 JavaThread "png-cruncher_20" daemon [_thread_blocked, id=10036, stack(0x000000006ade0000,0x000000006aee0000)]
  0x000000005af39000 JavaThread "png-cruncher_19" daemon [_thread_blocked, id=10564, stack(0x000000006b0b0000,0x000000006b1b0000)]
  0x000000005af38000 JavaThread "png-cruncher_18" daemon [_thread_blocked, id=6264, stack(0x000000006aee0000,0x000000006afe0000)]
  0x000000005af37800 JavaThread "png-cruncher_17" daemon [_thread_blocked, id=1980, stack(0x000000005ed20000,0x000000005ee20000)]
  0x000000005af36800 JavaThread "png-cruncher_16" daemon [_thread_blocked, id=9564, stack(0x000000006acd0000,0x000000006add0000)]
  0x000000005af36000 JavaThread "png-cruncher_15" daemon [_thread_blocked, id=7324, stack(0x000000006a470000,0x000000006a570000)]
  0x000000005af35000 JavaThread "png-cruncher_14" daemon [_thread_blocked, id=11220, stack(0x000000006aaf0000,0x000000006abf0000)]
  0x000000005af34800 JavaThread "png-cruncher_13" daemon [_thread_blocked, id=10780, stack(0x000000006a8a0000,0x000000006a9a0000)]
  0x000000005af33800 JavaThread "png-cruncher_12" daemon [_thread_blocked, id=9860, stack(0x000000006a580000,0x000000006a680000)]
  0x000000005af33000 JavaThread "png-cruncher_11" daemon [_thread_blocked, id=9396, stack(0x000000006a350000,0x000000006a450000)]
  0x000000005af32000 JavaThread "png-cruncher_10" daemon [_thread_blocked, id=11032, stack(0x000000006a0e0000,0x000000006a1e0000)]
  0x000000005c155000 JavaThread "png-cruncher_9" daemon [_thread_blocked, id=10196, stack(0x000000006a240000,0x000000006a340000)]
  0x000000005c154000 JavaThread "pool-6-thread-8" [_thread_blocked, id=4472, stack(0x0000000069370000,0x0000000069470000)]
  0x000000005c153800 JavaThread "pool-6-thread-7" [_thread_blocked, id=8464, stack(0x00000000699d0000,0x0000000069ad0000)]
  0x000000005c152800 JavaThread "pool-6-thread-6" [_thread_blocked, id=10352, stack(0x0000000069fd0000,0x000000006a0d0000)]
  0x000000005c152000 JavaThread "pool-6-thread-5" [_thread_blocked, id=8296, stack(0x00000000642a0000,0x00000000643a0000)]
  0x000000005c151000 JavaThread "pool-6-thread-4" [_thread_blocked, id=9940, stack(0x000000005cde0000,0x000000005cee0000)]
  0x000000005c150000 JavaThread "pool-6-thread-3" [_thread_blocked, id=9568, stack(0x00000000646b0000,0x00000000647b0000)]
  0x000000005c14f800 JavaThread "pool-6-thread-2" [_thread_blocked, id=10684, stack(0x0000000064be0000,0x0000000064ce0000)]
  0x000000005c14e800 JavaThread "pool-6-thread-1" [_thread_blocked, id=9520, stack(0x000000005fec0000,0x000000005ffc0000)]
  0x000000005e08e000 JavaThread "Stdin handler" [_thread_blocked, id=11216, stack(0x0000000063d40000,0x0000000063e40000)]
  0x000000005e08d000 JavaThread "Asynchronous log dispatcher for org.gradle.launcher.daemon.server.DefaultDaemonConnection@68cf536" [_thread_blocked, id=8268, stack(0x000000005cb90000,0x000000005cc90000)]
  0x000000005e087800 JavaThread "Cancel handler" [_thread_blocked, id=4440, stack(0x000000005d240000,0x000000005d340000)]
  0x000000005e08b000 JavaThread "Handler for socket connection from /127.0.0.1:56559 to /127.0.0.1:59566" [_thread_in_native, id=10608, stack(0x000000005ccd0000,0x000000005cdd0000)]
  0x000000005e089800 JavaThread "Daemon worker Thread 9" [_thread_blocked, id=9192, stack(0x000000005d400000,0x000000005d500000)]
  0x000000005e087000 JavaThread "Daemon Thread 9" [_thread_blocked, id=2040, stack(0x000000005ca00000,0x000000005cb00000)]
  0x000000005b0ea800 JavaThread "stdout" daemon [_thread_in_native, id=7376, stack(0x00000000698c0000,0x00000000699c0000)]
  0x000000005b0ea000 JavaThread "stderr" daemon [_thread_in_native, id=9528, stack(0x0000000069170000,0x0000000069270000)]
  0x000000005b0e9000 JavaThread "stdout" daemon [_thread_in_native, id=10876, stack(0x0000000069790000,0x0000000069890000)]
  0x000000005b0e8800 JavaThread "stderr" daemon [_thread_in_native, id=8028, stack(0x00000000695c0000,0x00000000696c0000)]
  0x000000005b0e7800 JavaThread "stdout" daemon [_thread_in_native, id=7040, stack(0x00000000694b0000,0x00000000695b0000)]
  0x000000005b0e7000 JavaThread "stderr" daemon [_thread_in_native, id=10244, stack(0x0000000068ac0000,0x0000000068bc0000)]
  0x000000005b0e6000 JavaThread "stdout" daemon [_thread_in_native, id=9024, stack(0x0000000069270000,0x0000000069370000)]
  0x000000005b0e5800 JavaThread "stderr" daemon [_thread_in_native, id=10476, stack(0x0000000069000000,0x0000000069100000)]
  0x0000000057e7b000 JavaThread "stdout" daemon [_thread_in_native, id=5168, stack(0x0000000068420000,0x0000000068520000)]
  0x0000000057e7a800 JavaThread "stderr" daemon [_thread_in_native, id=2608, stack(0x0000000068e10000,0x0000000068f10000)]
  0x0000000057e79800 JavaThread "stdout" daemon [_thread_in_native, id=10360, stack(0x0000000068c20000,0x0000000068d20000)]
  0x0000000057e79000 JavaThread "stderr" daemon [_thread_in_native, id=8752, stack(0x00000000689c0000,0x0000000068ac0000)]
  0x0000000057e78000 JavaThread "stdout" daemon [_thread_in_native, id=10668, stack(0x0000000068840000,0x0000000068940000)]
  0x0000000057e77800 JavaThread "stderr" daemon [_thread_in_native, id=7672, stack(0x0000000068730000,0x0000000068830000)]
  0x0000000057e76800 JavaThread "stdout" daemon [_thread_in_native, id=9664, stack(0x0000000068550000,0x0000000068650000)]
  0x0000000057e76000 JavaThread "stderr" daemon [_thread_in_native, id=11048, stack(0x0000000068320000,0x0000000068420000)]
  0x0000000057e75000 JavaThread "png-cruncher_8" daemon [_thread_blocked, id=7692, stack(0x0000000067f70000,0x0000000068070000)]
  0x0000000057e74000 JavaThread "png-cruncher_7" daemon [_thread_blocked, id=6348, stack(0x0000000068070000,0x0000000068170000)]
  0x000000005c519000 JavaThread "png-cruncher_6" daemon [_thread_blocked, id=11180, stack(0x0000000067db0000,0x0000000067eb0000)]
  0x000000005c518000 JavaThread "png-cruncher_5" daemon [_thread_blocked, id=11040, stack(0x0000000067ac0000,0x0000000067bc0000)]
  0x000000005c517800 JavaThread "png-cruncher_4" daemon [_thread_blocked, id=11228, stack(0x0000000067720000,0x0000000067820000)]
  0x000000005c516800 JavaThread "png-cruncher_3" daemon [_thread_blocked, id=11064, stack(0x0000000067bd0000,0x0000000067cd0000)]
  0x000000005c516000 JavaThread "png-cruncher_2" daemon [_thread_blocked, id=9340, stack(0x00000000679c0000,0x0000000067ac0000)]
  0x000000005e091800 JavaThread "png-cruncher_1" daemon [_thread_blocked, id=10880, stack(0x0000000067890000,0x0000000067990000)]
  0x000000005ad08000 JavaThread "File lock request listener" [_thread_in_native, id=7100, stack(0x000000005d120000,0x000000005d220000)]
  0x000000005aa6e000 JavaThread "pool-1-thread-1" [_thread_blocked, id=9764, stack(0x000000005b900000,0x000000005ba00000)]
  0x0000000059bca000 JavaThread "Incoming local TCP Connector on port 56559" [_thread_in_native, id=10732, stack(0x000000005b480000,0x000000005b580000)]
  0x0000000057d53800 JavaThread "Service Thread" daemon [_thread_blocked, id=10712, stack(0x00000000592d0000,0x00000000593d0000)]
  0x0000000057cf1000 JavaThread "C1 CompilerThread3" daemon [_thread_blocked, id=10808, stack(0x00000000598e0000,0x00000000599e0000)]
  0x0000000057cce000 JavaThread "C2 CompilerThread2" daemon [_thread_blocked, id=10528, stack(0x00000000597e0000,0x00000000598e0000)]
=>0x0000000057cc3000 JavaThread "C2 CompilerThread1" daemon [_thread_in_native, id=2144, stack(0x0000000059590000,0x0000000059690000)]
  0x0000000057cbc800 JavaThread "C2 CompilerThread0" daemon [_thread_blocked, id=9928, stack(0x00000000593e0000,0x00000000594e0000)]
  0x0000000057cb8000 JavaThread "Attach Listener" daemon [_thread_blocked, id=10488, stack(0x00000000591d0000,0x00000000592d0000)]
  0x0000000057cac000 JavaThread "Signal Dispatcher" daemon [_thread_blocked, id=10784, stack(0x0000000058e40000,0x0000000058f40000)]
  0x0000000056cfb000 JavaThread "Finalizer" daemon [_thread_blocked, id=10504, stack(0x0000000058fc0000,0x00000000590c0000)]
  0x000000000291f800 JavaThread "Reference Handler" daemon [_thread_blocked, id=9536, stack(0x0000000058ba0000,0x0000000058ca0000)]
  0x00000000001be000 JavaThread "main" [_thread_blocked, id=4496, stack(0x0000000002a50000,0x0000000002b50000)]

Other Threads:
  0x000000000291c800 VMThread [stack: 0x0000000058d30000,0x0000000058e30000] [id=2032]
  0x0000000057d55800 WatcherThread [stack: 0x00000000599e0000,0x0000000059ae0000] [id=10404]

VM state:not at safepoint (normal execution)

VM Mutex/Monitor currently owned by a thread: None

Heap:
 PSYoungGen      total 391168K, used 164025K [0x00000000e0000000, 0x00000000ffa80000, 0x0000000100000000)
  eden space 366592K, 38% used [0x00000000e0000000,0x00000000e882ea18,0x00000000f6600000)
  from space 24576K, 99% used [0x00000000f8380000,0x00000000f9b7fd30,0x00000000f9b80000)
  to   space 30208K, 0% used [0x00000000f6600000,0x00000000f6600000,0x00000000f8380000)
 ParOldGen       total 134656K, used 52327K [0x00000000a0000000, 0x00000000a8380000, 0x00000000e0000000)
  object space 134656K, 38% used [0x00000000a0000000,0x00000000a3319ea0,0x00000000a8380000)
 Metaspace       used 67825K, capacity 71786K, committed 75008K, reserved 1114112K
  class space    used 8809K, capacity 9429K, committed 10496K, reserved 1048576K

Card table byte_map: [0x0000000011f10000,0x0000000012220000] byte_map_base: 0x0000000011a10000

Marking Bits: (ParMarkBitMap*) 0x00000000654a9d00
 Begin Bits: [0x0000000013010000, 0x0000000014810000)
 End Bits:   [0x0000000014810000, 0x0000000016010000)

Polling page: 0x0000000000150000

CodeCache: size=245760Kb used=44100Kb max_used=44100Kb free=201660Kb
 bounds [0x0000000002b50000, 0x00000000056a0000, 0x0000000011b50000]
 total_blobs=12538 nmethods=11761 adapters=689
 compilation: enabled

Compilation events (10 events):
Event: 3296.940 Thread 0x0000000057cf1000 14465       3       org.gradle.internal.metaobject.BeanDynamicObject$GroovyObjectAdapter::<init> (26 bytes)
Event: 3296.941 Thread 0x0000000057cf1000 nmethod 14465 0x000000000568ff50 code [0x00000000056900c0, 0x0000000005690490]
Event: 3296.953 Thread 0x0000000057cf1000 14466       3       org.gradle.api.internal.AbstractTask$TaskActionWrapper::contextualise (24 bytes)
Event: 3296.953 Thread 0x0000000057cf1000 nmethod 14466 0x000000000569c850 code [0x000000000569c9e0, 0x000000000569ce28]
Event: 3296.955 Thread 0x0000000057cf1000 14467       3       java.util.stream.Collectors$$Lambda$112/1772297666::accept (11 bytes)
Event: 3296.955 Thread 0x0000000057cf1000 nmethod 14467 0x000000000569cf10 code [0x000000000569d080, 0x000000000569d3a8]
Event: 3296.955 Thread 0x0000000057cf1000 14468       3       java.util.concurrent.atomic.AtomicInteger::<init> (10 bytes)
Event: 3296.955 Thread 0x0000000057cf1000 nmethod 14468 0x000000000569d490 code [0x000000000569d600, 0x000000000569d810]
Event: 3296.973 Thread 0x0000000057cf1000 14469       1       org.gradle.internal.concurrent.StoppableExecutorImpl::access$000 (5 bytes)
Event: 3296.973 Thread 0x0000000057cf1000 nmethod 14469 0x000000000567f550 code [0x000000000567f6a0, 0x000000000567f790]

GC Heap History (10 events):
Event: 3135.571 GC heap before
{Heap before GC invocations=27 (full 9):
 PSYoungGen      total 315392K, used 85342K [0x00000000e0000000, 0x00000000f9880000, 0x0000000100000000)
  eden space 293376K, 23% used [0x00000000e0000000,0x00000000e429b668,0x00000000f1e80000)
  from space 22016K, 77% used [0x00000000f1e80000,0x00000000f2f3c250,0x00000000f3400000)
  to   space 23040K, 0% used [0x00000000f8200000,0x00000000f8200000,0x00000000f9880000)
 ParOldGen       total 134656K, used 28785K [0x00000000a0000000, 0x00000000a8380000, 0x00000000e0000000)
  object space 134656K, 21% used [0x00000000a0000000,0x00000000a1c1c740,0x00000000a8380000)
 Metaspace       used 64786K, capacity 68066K, committed 75008K, reserved 1114112K
  class space    used 8498K, capacity 9011K, committed 10496K, reserved 1048576K
Event: 3135.606 GC heap after
Heap after GC invocations=27 (full 9):
 PSYoungGen      total 393216K, used 18554K [0x00000000e0000000, 0x00000000f9c80000, 0x0000000100000000)
  eden space 370176K, 0% used [0x00000000e0000000,0x00000000e0000000,0x00000000f6980000)
  from space 23040K, 80% used [0x00000000f8200000,0x00000000f941e938,0x00000000f9880000)
  to   space 25088K, 0% used [0x00000000f6980000,0x00000000f6980000,0x00000000f8200000)
 ParOldGen       total 134656K, used 28785K [0x00000000a0000000, 0x00000000a8380000, 0x00000000e0000000)
  object space 134656K, 21% used [0x00000000a0000000,0x00000000a1c1c740,0x00000000a8380000)
 Metaspace       used 64786K, capacity 68066K, committed 75008K, reserved 1114112K
  class space    used 8498K, capacity 9011K, committed 10496K, reserved 1048576K
}
Event: 3135.606 GC heap before
{Heap before GC invocations=28 (full 10):
 PSYoungGen      total 393216K, used 18554K [0x00000000e0000000, 0x00000000f9c80000, 0x0000000100000000)
  eden space 370176K, 0% used [0x00000000e0000000,0x00000000e0000000,0x00000000f6980000)
  from space 23040K, 80% used [0x00000000f8200000,0x00000000f941e938,0x00000000f9880000)
  to   space 25088K, 0% used [0x00000000f6980000,0x00000000f6980000,0x00000000f8200000)
 ParOldGen       total 134656K, used 28785K [0x00000000a0000000, 0x00000000a8380000, 0x00000000e0000000)
  object space 134656K, 21% used [0x00000000a0000000,0x00000000a1c1c740,0x00000000a8380000)
 Metaspace       used 64786K, capacity 68066K, committed 75008K, reserved 1114112K
  class space    used 8498K, capacity 9011K, committed 10496K, reserved 1048576K
Event: 3135.875 GC heap after
Heap after GC invocations=28 (full 10):
 PSYoungGen      total 393216K, used 0K [0x00000000e0000000, 0x00000000f9c80000, 0x0000000100000000)
  eden space 370176K, 0% used [0x00000000e0000000,0x00000000e0000000,0x00000000f6980000)
  from space 23040K, 0% used [0x00000000f8200000,0x00000000f8200000,0x00000000f9880000)
  to   space 25088K, 0% used [0x00000000f6980000,0x00000000f6980000,0x00000000f8200000)
 ParOldGen       total 134656K, used 41247K [0x00000000a0000000, 0x00000000a8380000, 0x00000000e0000000)
  object space 134656K, 30% used [0x00000000a0000000,0x00000000a2847ee0,0x00000000a8380000)
 Metaspace       used 64786K, capacity 68066K, committed 75008K, reserved 1114112K
  class space    used 8498K, capacity 9011K, committed 10496K, reserved 1048576K
}
Event: 3276.539 GC heap before
{Heap before GC invocations=29 (full 10):
 PSYoungGen      total 393216K, used 133315K [0x00000000e0000000, 0x00000000f9c80000, 0x0000000100000000)
  eden space 370176K, 36% used [0x00000000e0000000,0x00000000e8230d88,0x00000000f6980000)
  from space 23040K, 0% used [0x00000000f8200000,0x00000000f8200000,0x00000000f9880000)
  to   space 25088K, 0% used [0x00000000f6980000,0x00000000f6980000,0x00000000f8200000)
 ParOldGen       total 134656K, used 41247K [0x00000000a0000000, 0x00000000a8380000, 0x00000000e0000000)
  object space 134656K, 30% used [0x00000000a0000000,0x00000000a2847ee0,0x00000000a8380000)
 Metaspace       used 65889K, capacity 69638K, committed 75008K, reserved 1114112K
  class space    used 8677K, capacity 9267K, committed 10496K, reserved 1048576K
Event: 3276.546 GC heap after
Heap after GC invocations=29 (full 10):
 PSYoungGen      total 395264K, used 6158K [0x00000000e0000000, 0x00000000f9b80000, 0x0000000100000000)
  eden space 370176K, 0% used [0x00000000e0000000,0x00000000e0000000,0x00000000f6980000)
  from space 25088K, 24% used [0x00000000f6980000,0x00000000f6f83880,0x00000000f8200000)
  to   space 24576K, 0% used [0x00000000f8380000,0x00000000f8380000,0x00000000f9b80000)
 ParOldGen       total 134656K, used 41255K [0x00000000a0000000, 0x00000000a8380000, 0x00000000e0000000)
  object space 134656K, 30% used [0x00000000a0000000,0x00000000a2849ee0,0x00000000a8380000)
 Metaspace       used 65889K, capacity 69638K, committed 75008K, reserved 1114112K
  class space    used 8677K, capacity 9267K, committed 10496K, reserved 1048576K
}
Event: 3276.546 GC heap before
{Heap before GC invocations=30 (full 11):
 PSYoungGen      total 395264K, used 6158K [0x00000000e0000000, 0x00000000f9b80000, 0x0000000100000000)
  eden space 370176K, 0% used [0x00000000e0000000,0x00000000e0000000,0x00000000f6980000)
  from space 25088K, 24% used [0x00000000f6980000,0x00000000f6f83880,0x00000000f8200000)
  to   space 24576K, 0% used [0x00000000f8380000,0x00000000f8380000,0x00000000f9b80000)
 ParOldGen       total 134656K, used 41255K [0x00000000a0000000, 0x00000000a8380000, 0x00000000e0000000)
  object space 134656K, 30% used [0x00000000a0000000,0x00000000a2849ee0,0x00000000a8380000)
 Metaspace       used 65889K, capacity 69638K, committed 75008K, reserved 1114112K
  class space    used 8677K, capacity 9267K, committed 10496K, reserved 1048576K
Event: 3276.806 GC heap after
Heap after GC invocations=30 (full 11):
 PSYoungGen      total 395264K, used 0K [0x00000000e0000000, 0x00000000f9b80000, 0x0000000100000000)
  eden space 370176K, 0% used [0x00000000e0000000,0x00000000e0000000,0x00000000f6980000)
  from space 25088K, 0% used [0x00000000f6980000,0x00000000f6980000,0x00000000f8200000)
  to   space 24576K, 0% used [0x00000000f8380000,0x00000000f8380000,0x00000000f9b80000)
 ParOldGen       total 134656K, used 46707K [0x00000000a0000000, 0x00000000a8380000, 0x00000000e0000000)
  object space 134656K, 34% used [0x00000000a0000000,0x00000000a2d9cee0,0x00000000a8380000)
 Metaspace       used 65862K, capacity 69550K, committed 75008K, reserved 1114112K
  class space    used 8669K, capacity 9259K, committed 10496K, reserved 1048576K
}
Event: 3295.693 GC heap before
{Heap before GC invocations=31 (full 11):
 PSYoungGen      total 395264K, used 370176K [0x00000000e0000000, 0x00000000f9b80000, 0x0000000100000000)
  eden space 370176K, 100% used [0x00000000e0000000,0x00000000f6980000,0x00000000f6980000)
  from space 25088K, 0% used [0x00000000f6980000,0x00000000f6980000,0x00000000f8200000)
  to   space 24576K, 0% used [0x00000000f8380000,0x00000000f8380000,0x00000000f9b80000)
 ParOldGen       total 134656K, used 46707K [0x00000000a0000000, 0x00000000a8380000, 0x00000000e0000000)
  object space 134656K, 34% used [0x00000000a0000000,0x00000000a2d9cee0,0x00000000a8380000)
 Metaspace       used 67749K, capacity 71570K, committed 75008K, reserved 1114112K
  class space    used 8799K, capacity 9415K, committed 10496K, reserved 1048576K
Event: 3295.751 GC heap after
Heap after GC invocations=31 (full 11):
 PSYoungGen      total 391168K, used 24575K [0x00000000e0000000, 0x00000000ffa80000, 0x0000000100000000)
  eden space 366592K, 0% used [0x00000000e0000000,0x00000000e0000000,0x00000000f6600000)
  from space 24576K, 99% used [0x00000000f8380000,0x00000000f9b7fd30,0x00000000f9b80000)
  to   space 30208K, 0% used [0x00000000f6600000,0x00000000f6600000,0x00000000f8380000)
 ParOldGen       total 134656K, used 52327K [0x00000000a0000000, 0x00000000a8380000, 0x00000000e0000000)
  object space 134656K, 38% used [0x00000000a0000000,0x00000000a3319ea0,0x00000000a8380000)
 Metaspace       used 67749K, capacity 71570K, committed 75008K, reserved 1114112K
  class space    used 8799K, capacity 9415K, committed 10496K, reserved 1048576K
}

Deoptimization events (10 events):
Event: 3296.082 Thread 0x000000005e089800 Uncommon trap: reason=unstable_if action=reinterpret pc=0x0000000002ebe4a0 method=org.objectweb.asm.tree.MethodNode.accept(Lorg/objectweb/asm/MethodVisitor;)V @ 67
Event: 3296.082 Thread 0x000000005e089800 Uncommon trap: reason=unstable_if action=reinterpret pc=0x0000000004f176e8 method=org.objectweb.asm.MethodWriter.a()I @ 512
Event: 3296.128 Thread 0x000000005e089800 Uncommon trap: reason=unloaded action=reinterpret pc=0x0000000004e62c48 method=org.objectweb.asm.ClassReader.readConst(I[C)Ljava/lang/Object; @ 107
Event: 3296.128 Thread 0x000000005e089800 Uncommon trap: reason=unloaded action=reinterpret pc=0x0000000004bb6b50 method=org.objectweb.asm.ClassReader.readConst(I[C)Ljava/lang/Object; @ 107
Event: 3296.128 Thread 0x000000005e089800 Uncommon trap: reason=unstable_if action=reinterpret pc=0x0000000003cdd1cc method=org.objectweb.asm.ClassWriter.a(Ljava/lang/Object;)Lorg/objectweb/asm/Item; @ 117
Event: 3296.187 Thread 0x000000005e089800 Uncommon trap: reason=unstable_if action=reinterpret pc=0x00000000055de5c8 method=org.objectweb.asm.MethodWriter.a(Lorg/objectweb/asm/ByteVector;)V @ 177
Event: 3296.275 Thread 0x000000005e089800 Uncommon trap: reason=unstable_if action=reinterpret pc=0x0000000003685a00 method=java.util.zip.ZipOutputStream.getExtraLen([B)I @ 1
Event: 3296.864 Thread 0x000000005e089800 Uncommon trap: reason=class_check action=maybe_recompile pc=0x0000000003afc6ac method=java.lang.AbstractStringBuilder.append(Ljava/lang/CharSequence;)Ljava/lang/AbstractStringBuilder; @ 26
Event: 3296.864 Thread 0x000000005e089800 Uncommon trap: reason=class_check action=maybe_recompile pc=0x0000000003a5f954 method=java.lang.AbstractStringBuilder.append(Ljava/lang/CharSequence;II)Ljava/lang/AbstractStringBuilder; @ 18
Event: 3296.925 Thread 0x000000005e089800 Uncommon trap: reason=unstable_if action=reinterpret pc=0x0000000005163458 method=com.sun.org.apache.xerces.internal.dom.ElementNSImpl.getLocalName()Ljava/lang/String; @ 4

Internal exceptions (10 events):
Event: 3284.488 Thread 0x000000005e089800 Exception <a 'java/lang/NoSuchMethodError': <clinit>> (0x00000000e6238540) thrown at [C:\src\android\AOSP-openjdk\external\jetbrains\jdk\hotspot\src\share\vm\prims\jni.cpp, line 1591]
Event: 3284.488 Thread 0x000000005e089800 Exception <a 'java/lang/NoSuchMethodError': <clinit>> (0x00000000e62509f0) thrown at [C:\src\android\AOSP-openjdk\external\jetbrains\jdk\hotspot\src\share\vm\prims\jni.cpp, line 1591]
Event: 3284.488 Thread 0x000000005e089800 Exception <a 'java/lang/NoSuchMethodError': <clinit>> (0x00000000e6251e48) thrown at [C:\src\android\AOSP-openjdk\external\jetbrains\jdk\hotspot\src\share\vm\prims\jni.cpp, line 1591]
Event: 3284.609 Thread 0x000000005e089800 Implicit null exception at 0x0000000002ddaaac to 0x0000000002ddbc05
Event: 3284.612 Thread 0x000000005e089800 Exception <a 'java/lang/ClassNotFoundException': com/android/build/gradle/internal/LibraryCache$1BeanInfo> (0x00000000e62cd510) thrown at [C:\src\android\AOSP-openjdk\external\jetbrains\jdk\hotspot\src\share\vm\classfile\systemDictionary.cpp, line 210]
Event: 3284.613 Thread 0x000000005e089800 Exception <a 'java/lang/ClassNotFoundException': com/android/build/gradle/internal/LibraryCache$1Customizer> (0x00000000e62ddda8) thrown at [C:\src\android\AOSP-openjdk\external\jetbrains\jdk\hotspot\src\share\vm\classfile\systemDictionary.cpp, line 210]
Event: 3287.310 Thread 0x000000005e089800 Implicit null exception at 0x00000000053ff157 to 0x00000000053ff29b
Event: 3288.665 Thread 0x000000005e089800 Implicit null exception at 0x000000000544609f to 0x0000000005444ab9
Event: 3288.665 Thread 0x000000005e089800 Implicit null exception at 0x000000000544609f to 0x0000000005444ab9
Event: 3288.669 Thread 0x000000005e089800 Implicit null exception at 0x000000000544609f to 0x0000000005444ab9

Events (10 events):
Event: 3296.955 Thread 0x000000005f9a9800 Thread added: 0x000000005f9a9800
Event: 3296.972 Thread 0x000000005f9a5800 Thread added: 0x000000005f9a5800
Event: 3296.972 Executing VM operation: RevokeBias
Event: 3296.972 Thread 0x000000005f9a6800 Thread added: 0x000000005f9a6800
Event: 3296.972 Executing VM operation: RevokeBias done
Event: 3296.972 Thread 0x000000005f9a5800 Thread exited: 0x000000005f9a5800
Event: 3296.972 Executing VM operation: RevokeBias
Event: 3296.972 Thread 0x000000005f9a5800 Thread added: 0x000000005f9a5800
Event: 3296.973 Executing VM operation: RevokeBias done
Event: 3296.973 Thread 0x000000005f9a7000 Thread added: 0x000000005f9a7000


Dynamic libraries:
0x000000013fd00000 - 0x000000013fd31000 	C:\Program Files\Android\Android Studio\jre\bin\java.exe
0x0000000077a30000 - 0x0000000077bda000 	C:\Windows\SYSTEM32\ntdll.dll
0x0000000077910000 - 0x0000000077a2f000 	C:\Windows\system32\kernel32.dll
0x000007fefda30000 - 0x000007fefda9a000 	C:\Windows\system32\KERNELBASE.dll
0x0000000075660000 - 0x00000000756e7000 	C:\Windows\System32\SYSFER.DLL
0x000007feff8f0000 - 0x000007feff9cb000 	C:\Windows\system32\ADVAPI32.dll
0x000007feff550000 - 0x000007feff5ef000 	C:\Windows\system32\msvcrt.dll
0x000007fefdea0000 - 0x000007fefdebf000 	C:\Windows\SYSTEM32\sechost.dll
0x000007fefef10000 - 0x000007feff03d000 	C:\Windows\system32\RPCRT4.dll
0x0000000077810000 - 0x000000007790a000 	C:\Windows\system32\USER32.dll
0x000007fefde30000 - 0x000007fefde97000 	C:\Windows\system32\GDI32.dll
0x000007feff540000 - 0x000007feff54e000 	C:\Windows\system32\LPK.dll
0x000007fefee30000 - 0x000007fefeefb000 	C:\Windows\system32\USP10.dll
0x000007fefc520000 - 0x000007fefc714000 	C:\Windows\WinSxS\amd64_microsoft.windows.common-controls_6595b64144ccf1df_6.0.7601.18837_none_fa3b1e3d17594757\COMCTL32.dll
0x000007feff9d0000 - 0x000007feffa41000 	C:\Windows\system32\SHLWAPI.dll
0x000007fefede0000 - 0x000007fefee0e000 	C:\Windows\system32\IMM32.DLL
0x000007feff220000 - 0x000007feff329000 	C:\Windows\system32\MSCTF.dll
0x000000006a6f0000 - 0x000000006a7c2000 	C:\Program Files\Android\Android Studio\jre\jre\bin\msvcr100.dll
0x0000000064cf0000 - 0x0000000065524000 	C:\Program Files\Android\Android Studio\jre\jre\bin\server\jvm.dll
0x000007fedf7c0000 - 0x000007fedf7c9000 	C:\Windows\system32\WSOCK32.dll
0x000007feffc50000 - 0x000007feffc9d000 	C:\Windows\system32\WS2_32.dll
0x000007fefef00000 - 0x000007fefef08000 	C:\Windows\system32\NSI.dll
0x000007fefb0e0000 - 0x000007fefb11b000 	C:\Windows\system32\WINMM.dll
0x000007fefcb10000 - 0x000007fefcb1c000 	C:\Windows\system32\VERSION.dll
0x0000000077bf0000 - 0x0000000077bf7000 	C:\Windows\system32\PSAPI.DLL
0x000007fedf7b0000 - 0x000007fedf7bf000 	C:\Program Files\Android\Android Studio\jre\jre\bin\verify.dll
0x000007fedf780000 - 0x000007fedf7a9000 	C:\Program Files\Android\Android Studio\jre\jre\bin\java.dll
0x000007fedf760000 - 0x000007fedf776000 	C:\Program Files\Android\Android Studio\jre\jre\bin\zip.dll
0x000007fefdec0000 - 0x000007fefec4a000 	C:\Windows\system32\SHELL32.dll
0x000007feffa50000 - 0x000007feffc4c000 	C:\Windows\system32\ole32.dll
0x000007fefd940000 - 0x000007fefd94f000 	C:\Windows\system32\profapi.dll
0x000007fedf740000 - 0x000007fedf75a000 	C:\Program Files\Android\Android Studio\jre\jre\bin\net.dll
0x000007fefcb20000 - 0x000007fefcb40000 	C:\Windows\system32\PrxerDrv.dll
0x000007fefd220000 - 0x000007fefd275000 	C:\Windows\system32\mswsock.dll
0x000007fefd210000 - 0x000007fefd217000 	C:\Windows\System32\wship6.dll
0x000007fedf720000 - 0x000007fedf731000 	C:\Program Files\Android\Android Studio\jre\jre\bin\nio.dll
0x000007fee8420000 - 0x000007fee8432000 	C:\Users\liusiyu.taloner\.gradle\native\19\windows-amd64\native-platform.dll
0x000007fefd280000 - 0x000007fefd298000 	C:\Windows\system32\CRYPTSP.dll
0x000007fefcf80000 - 0x000007fefcfc7000 	C:\Windows\system32\rsaenh.dll
0x000007fefcc70000 - 0x000007fefcc8e000 	C:\Windows\system32\USERENV.dll
0x000007fefd830000 - 0x000007fefd83f000 	C:\Windows\system32\CRYPTBASE.dll
0x000007fef9a20000 - 0x000007fef9a47000 	C:\Windows\system32\IPHLPAPI.DLL
0x000007fef9a10000 - 0x000007fef9a1b000 	C:\Windows\system32\WINNSI.DLL
0x000007fef9850000 - 0x000007fef9861000 	C:\Windows\system32\dhcpcsvc6.DLL
0x000007fef99a0000 - 0x000007fef99b8000 	C:\Windows\system32\dhcpcsvc.DLL
0x000007fefa8c0000 - 0x000007fefa8cd000 	C:\Program Files\Android\Android Studio\jre\jre\bin\management.dll
0x000007fefd7d0000 - 0x000007fefd827000 	C:\Windows\system32\apphelp.dll
0x000007fef5130000 - 0x000007fef5154000 	C:\Program Files\Android\Android Studio\jre\jre\bin\sunec.dll
0x000007fefcb00000 - 0x000007fefcb07000 	C:\Windows\System32\wshtcpip.dll
0x00000000720c0000 - 0x00000000720e6000 	C:\Program Files\Bonjour\mdnsNSP.dll
0x000007fef8ef0000 - 0x000007fef8f0c000 	C:\Windows\system32\PrxerNsp.dll
0x000007fefd0a0000 - 0x000007fefd0fb000 	C:\Windows\system32\DNSAPI.dll
0x000007fef9680000 - 0x000007fef9688000 	C:\Windows\system32\rasadhlp.dll
0x000007fef97c0000 - 0x000007fef9813000 	C:\Windows\System32\fwpuclnt.dll

VM Arguments:
jvm_args: -Xmx1536m -Dfile.encoding=GBK -Duser.country=CN -Duser.language=zh -Duser.variant 
java_command: org.gradle.launcher.daemon.bootstrap.GradleDaemon 2.14.1
java_class_path (initial): C:\Users\liusiyu.taloner\.gradle\wrapper\dists\gradle-2.14.1-all\8bnwg5hd3w55iofp58khbp6yv\gradle-2.14.1\lib\gradle-launcher-2.14.1.jar
Launcher Type: SUN_STANDARD

Environment Variables:
PATH=C:\ProgramData\Oracle\Java\javapath;C:\Windows\system32;C:\Windows;C:\Windows\System32\Wbem;C:\Windows\System32\WindowsPowerShell\v1.0\;C:\Program Files (x86)\NVIDIA Corporation\PhysX\Common;C:\Program Files\Git\cmd;C:\Program Files\TortoiseGit\bin;C:\Program Files\nodejs\;C:\Program Files\TortoiseSVN\bin;.;D:\Tools\android-sdk-windows\platform-tools;D:\Tools\android-sdk-windows\tools;C:\Program Files (x86)\Common Files\Ulead Systems\MPEG;C:\Program Files (x86)\Tesseract-OCR;C:\Users\liusiyu.taloner\AppData\Local\Programs\Python\Python36\Scripts\;C:\Users\liusiyu.taloner\AppData\Local\Programs\Python\Python36\;C:\Users\liusiyu.taloner\AppData\Roaming\npm
USERNAME=liusiyu.taloner
OS=Windows_NT
PROCESSOR_IDENTIFIER=Intel64 Family 6 Model 94 Stepping 3, GenuineIntel



---------------  S Y S T E M  ---------------

OS: Windows 7 , 64 bit Build 7601 (6.1.7601.23915)

CPU:total 8 (4 cores per cpu, 2 threads per core) family 6 model 94 stepping 3, cmov, cx8, fxsr, mmx, sse, sse2, sse3, ssse3, sse4.1, sse4.2, popcnt, avx, avx2, aes, clmul, erms, rtm, 3dnowpref, lzcnt, ht, tsc, tscinvbit, bmi1, bmi2, adx

Memory: 4k page, physical 8266336k(48468k free), swap 33063484k(5616k free)

vm_info: OpenJDK 64-Bit Server VM (25.76-b03) for windows-amd64 JRE (1.8.0_76-release-b03), built on Jun 29 2016 19:09:20 by "ralucas" with MS VC++ 10.0 (VS2010)

time: Thu Jan 04 17:25:01 2018
elapsed time: 3297 seconds (0d 0h 54m 57s)

